#
# A fatal error has been detected by the Java Runtime Environment:
#
#  EXCEPTION_ACCESS_VIOLATION (0xc0000005) at pc=0x000000006a6ab7b0, pid=9688, tid=0x00000000000006a8
#
# JRE version: OpenJDK Runtime Environment (8.0_242-b01) (build 1.8.0_242-release-1644-b01)
# Java VM: OpenJDK 64-Bit Server VM (25.242-b01 mixed mode windows-amd64 compressed oops)
# Problematic frame:
# V  [jvm.dll+0x8b7b0]
#
# Failed to write core dump. Minidumps are not enabled by default on client versions of Windows
#
# If you would like to submit a bug report, please visit:
#   
#

---------------  T H R E A D  ---------------

Current thread (0x000000000251c800):  GCTaskThread [stack: 0x0000000012380000,0x0000000012480000] [id=1704]

siginfo: ExceptionCode=0xc0000005, reading address 0x0000000000000008

Registers:
RAX=0x0000000000000000, RBX=0x00000000e4defe78, RCX=0x00000000e4defe78, RDX=0x0000000000000000
RSP=0x000000001247fa38, RBP=0x0000000000000000, RSI=0x00000000025ec2c0, RDI=0x00000000025ec2c0
R8 =0x00000000025ec2c0, R9 =0x0000000000000006, R10=0x0000000000000008, R11=0x00000000e6474358
R12=0x000000006ac101f0, R13=0x0000000000000000, R14=0x0000000000000000, R15=0x000000000251cbe0
RIP=0x000000006a6ab7b0, EFLAGS=0x0000000000010246

Top of Stack: (sp=0x000000001247fa38)
0x000000001247fa38:   000000006a9f27b2 00000000e9defe68
0x000000001247fa48:   0000000000000002 00000000025ec2c0
0x000000001247fa58:   000000006a9f36c5 00000000e646c368
0x000000001247fa68:   0000000000001000 000000003161ef18
0x000000001247fa78:   000000003161ef1c 0000000000000000
0x000000001247fa88:   000000000250e900 000000006ac101f0
0x000000001247fa98:   000000006a9f2b20 00000000e64715e4
0x000000001247faa8:   0000000000000000 00000000025ec2c0
0x000000001247fab8:   00000000025ec2c0 00000000e64715e4
0x000000001247fac8:   000000006a9f36c5 00000000dd372428
0x000000001247fad8:   0000000000000000 00000000025ec2c0
0x000000001247fae8:   00000000866d1c18 00000000866d1c00
0x000000001247faf8:   0000000000000c00 0000000000000000
0x000000001247fb08:   0000000000000000 000000000251cb00
0x000000001247fb18:   0000000018be6800 000000006ac3db01
0x000000001247fb28:   000000006a813001 0000df1edd598525 

Instructions: (pc=0x000000006a6ab7b0)
0x000000006a6ab790:   1c 8f 1d 00 48 8b 9c 24 c0 00 00 00 48 81 c4 b0
0x000000006a6ab7a0:   00 00 00 5d c3 cc cc cc cc cc cc cc cc cc cc cc
0x000000006a6ab7b0:   44 8b 42 08 4c 8b ca 45 85 c0 7e 0e 41 f6 c0 01
0x000000006a6ab7c0:   75 57 41 c1 f8 03 41 8b c0 c3 79 4d 80 3d 7e 97 


Register to memory mapping:

RAX=0x0000000000000000 is an unknown value
RBX=0x00000000e4defe78 is an unknown value
RCX=0x00000000e4defe78 is an unknown value
RDX=0x0000000000000000 is an unknown value
RSP=0x000000001247fa38 is an unknown value
RBP=0x0000000000000000 is an unknown value
RSI=0x00000000025ec2c0 is an unknown value
RDI=0x00000000025ec2c0 is an unknown value
R8 =0x00000000025ec2c0 is an unknown value
R9 =0x0000000000000006 is an unknown value
R10=0x0000000000000008 is an unknown value
R11=0x00000000e6474358 is an oop

[error occurred during error reporting (printing register info), id 0xc0000005]

Stack: [0x0000000012380000,0x0000000012480000],  sp=0x000000001247fa38,  free space=1022k
Native frames: (J=compiled Java code, j=interpreted, Vv=VM code, C=native code)


---------------  P R O C E S S  ---------------

Java Threads: ( => current thread )
  0x0000000019785800 JavaThread "WorkerExecutor Queue Thread 4" [_thread_blocked, id=2984, stack(0x0000000031920000,0x0000000031a20000)]
  0x0000000019784000 JavaThread "WorkerExecutor Queue Thread 3" [_thread_blocked, id=10924, stack(0x0000000031820000,0x0000000031920000)]
  0x000000001978b000 JavaThread "WorkerExecutor Queue Thread 2" [_thread_blocked, id=11032, stack(0x0000000031720000,0x0000000031820000)]
  0x0000000019825000 JavaThread "WorkerExecutor Queue" [_thread_blocked, id=8852, stack(0x0000000031620000,0x0000000031720000)]
  0x0000000019824800 JavaThread "ForkJoinPool.commonPool-worker-3" daemon [_thread_blocked, id=2976, stack(0x0000000031520000,0x0000000031620000)]
  0x0000000019823000 JavaThread "ForkJoinPool.commonPool-worker-2" daemon [_thread_blocked, id=9168, stack(0x0000000031420000,0x0000000031520000)]
  0x0000000019822000 JavaThread "ForkJoinPool.commonPool-worker-1" daemon [_thread_blocked, id=5660, stack(0x0000000031320000,0x0000000031420000)]
  0x0000000019820000 JavaThread "Cache worker for Java compile cache (C:\Users\AdminUser\AndroidStudioProjects\ScienceTrivia\.gradle\6.5\javaCompile)" [_thread_blocked, id=11200, stack(0x0000000031220000,0x0000000031320000)]
  0x000000001981d000 JavaThread "Cache worker for execution history cache (C:\Users\AdminUser\AndroidStudioProjects\ScienceTrivia\.gradle\6.5\executionHistory)" [_thread_blocked, id=12700, stack(0x000000002ff20000,0x0000000030020000)]
  0x0000000019818800 JavaThread "Execution worker for ':' Thread 3" [_thread_blocked, id=7904, stack(0x000000002fe20000,0x000000002ff20000)]
  0x000000001981c000 JavaThread "Execution worker for ':' Thread 2" [_thread_blocked, id=14360, stack(0x000000002fd20000,0x000000002fe20000)]
  0x0000000019819000 JavaThread "Execution worker for ':'" [_thread_blocked, id=6872, stack(0x000000002e9f0000,0x000000002eaf0000)]
  0x000000001981f000 JavaThread "Cache worker for file content cache (C:\Users\AdminUser\AndroidStudioProjects\ScienceTrivia\.gradle\6.5\fileContent)" [_thread_blocked, id=8376, stack(0x000000002e8f0000,0x000000002e9f0000)]
  0x000000001981e800 JavaThread "Cache worker for Build Output Cleanup Cache (C:\Users\AdminUser\AndroidStudioProjects\ScienceTrivia\.gradle\buildOutputCleanup)" [_thread_blocked, id=13780, stack(0x000000002e1e0000,0x000000002e2e0000)]
  0x0000000019afa800 JavaThread "Build operations Thread 4" [_thread_blocked, id=8692, stack(0x0000000024410000,0x0000000024510000)]
  0x0000000019af9000 JavaThread "Build operations Thread 3" [_thread_blocked, id=3596, stack(0x0000000024310000,0x0000000024410000)]
  0x0000000019afd800 JavaThread "Build operations Thread 2" [_thread_blocked, id=12332, stack(0x0000000023020000,0x0000000023120000)]
  0x0000000019aff000 JavaThread "Build operations" [_thread_blocked, id=2240, stack(0x0000000022c50000,0x0000000022d50000)]
  0x0000000019afe800 JavaThread "Cache worker for cache directory md-rule (C:\Users\AdminUser\.gradle\caches\6.5\md-rule)" [_thread_blocked, id=13620, stack(0x0000000022b50000,0x0000000022c50000)]
  0x0000000019af8800 JavaThread "Cache worker for cache directory md-supplier (C:\Users\AdminUser\.gradle\caches\6.5\md-supplier)" [_thread_blocked, id=3756, stack(0x0000000021e50000,0x0000000021f50000)]
  0x0000000019afd000 JavaThread "Cache worker for checksums cache (C:\Users\AdminUser\AndroidStudioProjects\ScienceTrivia\.gradle\checksums)" [_thread_blocked, id=4568, stack(0x0000000021d50000,0x0000000021e50000)]
  0x0000000019afb800 JavaThread "Cache worker for file hash cache (C:\Users\AdminUser\AndroidStudioProjects\ScienceTrivia\.gradle\6.5\fileHashes)" [_thread_blocked, id=12104, stack(0x000000001fc60000,0x000000001fd60000)]
  0x0000000019af1000 JavaThread "Thread-1585" [_thread_blocked, id=5060, stack(0x000000001fa60000,0x000000001fb60000)]
  0x0000000019af0000 JavaThread "Stdin handler" [_thread_blocked, id=13336, stack(0x000000001f560000,0x000000001f660000)]
  0x0000000019af7000 JavaThread "Asynchronous log dispatcher for DefaultDaemonConnection: socket connection from /127.0.0.1:49616 to /127.0.0.1:52509" [_thread_blocked, id=348, stack(0x000000001cac0000,0x000000001cbc0000)]
  0x0000000019af6000 JavaThread "Cancel handler" [_thread_blocked, id=13024, stack(0x000000001c5c0000,0x000000001c6c0000)]
  0x0000000019af4800 JavaThread "Handler for socket connection from /127.0.0.1:49616 to /127.0.0.1:52509" [_thread_in_native, id=1844, stack(0x000000001c080000,0x000000001c180000)]
  0x0000000018bee000 JavaThread "jar transforms Thread 1196" [_thread_blocked, id=13512, stack(0x000000002db80000,0x000000002dc80000)]
  0x0000000018be2000 JavaThread "jar transforms Thread 1195" [_thread_blocked, id=9180, stack(0x000000002d880000,0x000000002d980000)]
  0x0000000018be8800 JavaThread "jar transforms Thread 1194" [_thread_blocked, id=648, stack(0x000000002d780000,0x000000002d880000)]
  0x0000000018be1000 JavaThread "jar transforms Thread 1193" [_thread_blocked, id=14476, stack(0x000000002d680000,0x000000002d780000)]
  0x0000000018be3800 JavaThread "jar transforms Thread 1192" [_thread_blocked, id=11708, stack(0x000000002d580000,0x000000002d680000)]
  0x0000000018be5800 JavaThread "" [_thread_blocked, id=7972, stack(0x000000002d480000,0x000000002d580000)]
  0x0000000018be8000 JavaThread "jar transforms Thread 1簱90" [_thread_blocked, id=10528, stack(0x000000002d380000,0x000000002d480000)]
  0x0000000018be7000 JavaThread "jar transforms Thread 1189" [_thread_blocked, id=15000, stack(0x000000002d280000,0x000000002d380000)]
  0x0000000018be2800 JavaThread "jar transforms Thread 1188" [_thread_blocked, id=6640, stack(0x000000002d180000,0x000000002d280000)]
  0x0000000018be6800 JavaThread "jar瘠transforms Thread 1187" [_thread_blocked, id=14580, stack(0x000000002d080000,0x000000002d180000)]
  0x0000000018be5000 JavaThread "jar transforms Thread 1186" [_thread_blocked, id=9428, stack(0x000000002cf80000,0x000000002d080000)]
  0x0000000018be4000 JavaThread "jar transforms Thread 1185" [_thread_blocked, id=15104, stack(0x000000002ce80000,0x000000002cf80000)]
  0x0000000019ce0800 JavaThread "jar transforms Thread 1184" [_thread_blocked, id=10592, stack(0x000000002cd80000,0x000000002ce80000)]
  0x0000000019cdd800 JavaThread "jar transforms Thread 1183" [_thread_blocked, id=10028, stack(0x000000002cc80000,0x000000002cd80000)]
  0x0000000019cdc000 JavaThread "jar transforms Thread 1182" [_thread_blocked, id=9888, stack(0x000000002cb80000,0x000000002cc80000)]
  0x0000000019cdc800 JavaThread "jar transforms Thread 1181" [_thread_blocked, id=15236, stack(0x000000002ca80000,0x000000002cb80000)]
  0x0000000019cdf000 JavaThread "jar transforms Thread 1180" [_thread_blocked, id=14704, stack(0x000000002c980000,0x000000002ca80000)]
  0x0000000019ce2000 JavaThread "jar transforms Thread 1179" [_thread_blocked, id=9652, stack(0x000000002c880000,0x000000002c980000)]
  0x0000000019ce2800 JavaThread "jar transforms Thread 1178" [_thread_blocked, id=15324, stack(0x000000002c780000,0x000000002c880000)]
  0x0000000019cdf800 JavaThread "jar transforms Thread 1177" [_thread_blocked, id=4476, stack(0x000000002c680000,0x000000002c780000)]
  0x0000000019ce1000 JavaThread "jar transforms Thread 1176" [_thread_blocked, id=8684, stack(0x000000002c580000,0x000000002c680000)]
  0x0000000019cd7800 JavaThread "jar transforms Thread 1175" [_thread_blocked, id=8768, stack(0x000000002c480000,0x000000002c580000)]
  0x0000000019cd5000 JavaThread "jar transforms Thread 1174" [_thread_blocked, id=14568, stack(0x000000002c380000,0x000000002c480000)]
  0x0000000019cd4800 JavaThread "jar transforms Thread 1173" [_thread_blocked, id=14884, stack(0x000000002c280000,0x000000002c380000)]
  0x0000000019cdb000 JavaThread "jar transforms Thread 1172" [_thread_blocked, id=2608, stack(0x000000002c180000,0x000000002c280000)]
  0x0000000019cda800 JavaThread "jar transforms Thread 1171" [_thread_blocked, id=9616, stack(0x000000002c080000,0x000000002c180000)]
  0x0000000019cd6800 JavaThread "jar transforms Thread 1170" [_thread_blocked, id=11500, stack(0x000000002bf80000,0x000000002c080000)]
  0x0000000019cd6000 JavaThread "jar transforms Thread 1169" [_thread_blocked, id=12656, stack(0x000000002be80000,0x000000002bf80000)]
  0x0000000019cd8000 JavaThread "jar transforms Thread 1168" [_thread_blocked, id=10080, stack(0x000000002b920000,0x000000002ba20000)]
  0x0000000019cd9800 JavaThread "jar transforms Thread 1167" [_thread_blocked, id=1520, stack(0x000000002b820000,0x000000002b920000)]
  0x0000000019cd9000 JavaThread "jar transforms Thread 1166" [_thread_blocked, id=14788, stack(0x000000002b720000,0x000000002b820000)]
  0x000000001d467000 JavaThread "jar transforms Thread 1165" [_thread_blocked, id=388, stack(0x000000002b620000,0x000000002b720000)]
  0x000000001d466800 JavaThread "jar transforms Thread 1164" [_thread_blocked, id=11380, stack(0x000000002b520000,0x000000002b620000)]
  0x000000001d465800 JavaThread "jar transforms Thread 1163" [_thread_blocked, id=11584, stack(0x000000002b420000,0x000000002b520000)]
  0x000000001d463800 JavaThread "jar transforms Thread 1162" [_thread_blocked, id=10480, stack(0x000000002b320000,0x000000002b420000)]
  0x000000001d465000 JavaThread "jar transforms Thread 1161" [_thread_blocked, id=5908, stack(0x000000002b220000,0x000000002b320000)]
  0x000000001d462800 JavaThread "jar transforms Thread 1160" [_thread_blocked, id=6856, stack(0x000000002b120000,0x000000002b220000)]
  0x000000001d464000 JavaThread "jar transforms Thread 1159" [_thread_blocked, id=9936, stack(0x000000002b020000,0x000000002b120000)]
  0x000000001d45b000 JavaThread "jar transforms Thread 1158" [_thread_blocked, id=2068, stack(0x000000002af20000,0x000000002b020000)]
  0x000000001d461000 JavaThread "jar transforms Thread 1157" [_thread_blocked, id=7908, stack(0x000000002a720000,0x000000002a820000)]
  0x000000001d462000 JavaThread "jar transforms Thread 1156" [_thread_blocked, id=11568, stack(0x000000002a620000,0x000000002a720000)]
  0x000000001d45a800 JavaThread "jar transforms Thread 1155" [_thread_blocked, id=10180, stack(0x000000002a520000,0x000000002a620000)]
  0x000000001d459800 JavaThread "jar transforms Thread 1154" [_thread_blocked, id=6336, stack(0x000000002a420000,0x000000002a520000)]
  0x000000001d45f800 JavaThread "jar transforms Thread 1153" [_thread_blocked, id=8736, stack(0x0000000029f20000,0x000000002a020000)]
  0x000000001d460800 JavaThread "jar transforms Thread 1152" [_thread_blocked, id=9316, stack(0x0000000027e50000,0x0000000027f50000)]
  0x000000001d459000 JavaThread "jar transforms Thread 1151" [_thread_blocked, id=11360, stack(0x0000000027a70000,0x0000000027b70000)]
  0x000000001d458000 JavaThread "jar transforms Thread 1150" [_thread_blocked, id=3504, stack(0x0000000027970000,0x0000000027a70000)]
  0x000000001d45e000 JavaThread "jar transforms Thread 1149" [_thread_blocked, id=12872, stack(0x0000000027870000,0x0000000027970000)]
  0x000000001d45d800 JavaThread "jar transforms Thread 1148" [_thread_blocked, id=1012, stack(0x0000000027770000,0x0000000027870000)]
  0x000000001d45c800 JavaThread "jar transforms Thread 1147" [_thread_blocked, id=8712, stack(0x0000000027670000,0x0000000027770000)]
  0x00000000200d1000 JavaThread "jar transforms Thread 1146" [_thread_blocked, id=9908, stack(0x0000000027570000,0x0000000027670000)]
  0x00000000200d0800 JavaThread "jar transforms Thread 1145" [_thread_blocked, id=1916, stack(0x0000000027470000,0x0000000027570000)]
  0x00000000200cc000 JavaThread "jar transforms Thread 1144" [_thread_blocked, id=15056, stack(0x0000000027370000,0x0000000027470000)]
  0x00000000200cf800 JavaThread "jar transforms Thread 1143" [_thread_blocked, id=14624, stack(0x0000000027270000,0x0000000027370000)]
  0x00000000200cd800 JavaThread "jar transforms Thread 1142" [_thread_blocked, id=1388, stack(0x0000000027170000,0x0000000027270000)]
  0x00000000200d2000 JavaThread "jar transforms Thread 1141" [_thread_blocked, id=14040, stack(0x0000000027070000,0x0000000027170000)]
  0x00000000200cb000 JavaThread "jar transforms Thread 1140" [_thread_blocked, id=7188, stack(0x0000000026f70000,0x0000000027070000)]
  0x00000000200ce000 JavaThread "jar transforms Thread 1139" [_thread_blocked, id=11664, stack(0x0000000026e70000,0x0000000026f70000)]
  0x00000000200cf000 JavaThread "jar transforms Thread 1138" [_thread_blocked, id=10244, stack(0x0000000026d70000,0x0000000026e70000)]
  0x00000000200cc800 JavaThread "jar transforms Thread 1137" [_thread_blocked, id=12108, stack(0x0000000026c70000,0x0000000026d70000)]
  0x00000000200c3800 JavaThread "jar transforms Thread 1136" [_thread_blocked, id=8972, stack(0x0000000026b70000,0x0000000026c70000)]
  0x00000000200c6800 JavaThread "jar transforms Thread 1135" [_thread_blocked, id=7852, stack(0x0000000026a70000,0x0000000026b70000)]
  0x00000000200c8000 JavaThread "jar transforms Thread 1134" [_thread_blocked, id=3484, stack(0x0000000026970000,0x0000000026a70000)]
  0x00000000200ca800 JavaThread "jar transforms Thread 1133" [_thread_blocked, id=14908, stack(0x0000000026870000,0x0000000026970000)]
  0x00000000200c6000 JavaThread "jar transforms Thread 1132" [_thread_blocked, id=3224, stack(0x0000000026770000,0x0000000026870000)]
  0x00000000200c5000 JavaThread "jar transforms Thread 1131" [_thread_blocked, id=15300, stack(0x0000000026670000,0x0000000026770000)]
  0x00000000200c3000 JavaThread "jar transforms Thread 1130" [_thread_blocked, id=10888, stack(0x0000000026570000,0x0000000026670000)]
  0x00000000200c9800 JavaThread "jar transforms Thread 1129" [_thread_blocked, id=9332, stack(0x0000000026370000,0x0000000026470000)]
  0x00000000200c9000 JavaThread "jar transforms Thread 1128" [_thread_blocked, id=5496, stack(0x0000000026270000,0x0000000026370000)]
  0x00000000200c7800 JavaThread "jar transforms Thread 1127" [_thread_blocked, id=8832, stack(0x0000000026170000,0x0000000026270000)]
  0x00000000201bb000 JavaThread "jar transforms Thread 1126" [_thread_blocked, id=5228, stack(0x0000000026070000,0x0000000026170000)]
  0x00000000201bc000 JavaThread "jar transforms Thread 1125" [_thread_blocked, id=4668, stack(0x0000000025f70000,0x0000000026070000)]
  0x00000000201c2000 JavaThread "jar transforms Thread 1124" [_thread_blocked, id=9852, stack(0x0000000025e70000,0x0000000025f70000)]
  0x00000000201ba800 JavaThread "jar transforms Thread 1123" [_thread_blocked, id=8044, stack(0x0000000025d70000,0x0000000025e70000)]
  0x00000000201c1000 JavaThread "jar transforms Thread 1122" [_thread_blocked, id=12200, stack(0x0000000025c70000,0x0000000025d70000)]
  0x00000000201c0800 JavaThread "jar transforms Thread 1121" [_thread_blocked, id=8500, stack(0x0000000025b70000,0x0000000025c70000)]
  0x00000000201bf800 JavaThread "jar transforms Thread 1120" [_thread_blocked, id=404, stack(0x0000000025a70000,0x0000000025b70000)]
  0x00000000201bc800 JavaThread "jar transforms Thread 1119" [_thread_blocked, id=6512, stack(0x0000000025770000,0x0000000025870000)]
  0x00000000201be000 JavaThread "jar transforms Thread 1118" [_thread_blocked, id=7032, stack(0x0000000025670000,0x0000000025770000)]
  0x00000000201bf000 JavaThread "jar transforms Thread 1117" [_thread_blocked, id=8244, stack(0x0000000025570000,0x0000000025670000)]
  0x00000000201bd800 JavaThread "jar transforms Thread 1116" [_thread_blocked, id=1184, stack(0x0000000025470000,0x0000000025570000)]
  0x00000000201b2800 JavaThread "jar transforms Thread 1115" [_thread_blocked, id=7688, stack(0x0000000025370000,0x0000000025470000)]
  0x00000000201b9000 JavaThread "jar transforms Thread 1114" [_thread_blocked, id=7164, stack(0x0000000025270000,0x0000000025370000)]
  0x00000000201b9800 JavaThread "jar transforms Thread 1113" [_thread_blocked, id=1892, stack(0x0000000025170000,0x0000000025270000)]
  0x00000000201b3800 JavaThread "jar transforms Thread 1112" [_thread_blocked, id=8256, stack(0x0000000025070000,0x0000000025170000)]
  0x00000000201b8000 JavaThread "jar transforms Thread 1111" [_thread_blocked, id=10964, stack(0x0000000024f70000,0x0000000025070000)]
  0x00000000201b6800 JavaThread "jar transforms Thread 1110" [_thread_blocked, id=2424, stack(0x0000000024e70000,0x0000000024f70000)]
  0x00000000201b5000 JavaThread "jar transforms Thread 1109" [_thread_blocked, id=3440, stack(0x0000000024d70000,0x0000000024e70000)]
  0x00000000201b4800 JavaThread "jar transforms Thread 1108" [_thread_blocked, id=7140, stack(0x0000000024c70000,0x0000000024d70000)]
  0x00000000201b6000 JavaThread "jar transforms Thread 1107" [_thread_blocked, id=12660, stack(0x0000000024b70000,0x0000000024c70000)]
  0x0000000019820800 JavaThread "jar transforms Thread 1106" [_thread_blocked, id=12968, stack(0x0000000024a70000,0x0000000024b70000)]
  0x0000000019827800 JavaThread "jar transforms Thread 1105" [_thread_blocked, id=15256, stack(0x0000000024970000,0x0000000024a70000)]
  0x000000001981d800 JavaThread "Daemon worker Thread 11" [_thread_blocked, id=11412, stack(0x000000001c9c0000,0x000000001cac0000)]
  0x000000001981a000 JavaThread "Daemon Thread 11" [_thread_blocked, id=9708, stack(0x000000001bf80000,0x000000001c080000)]
  0x0000000019af7800 JavaThread "Cache worker for Java compile cache (C:\Users\AdminUser\.gradle\caches\6.5\javaCompile)" [_thread_blocked, id=12728, stack(0x000000001cbc0000,0x000000001ccc0000)]
  0x0000000019ce3800 JavaThread "Memory manager" [_thread_blocked, id=10228, stack(0x00000000006f0000,0x00000000007f0000)]
  0x000000001978a000 JavaThread "Cache worker for file content cache (C:\Users\AdminUser\.gradle\caches\6.5\fileContent)" [_thread_blocked, id=10792, stack(0x0000000020d70000,0x0000000020e70000)]
  0x0000000019787000 JavaThread "Cache worker for execution history cache (C:\Users\AdminUser\.gradle\caches\6.5\executionHistory)" [_thread_blocked, id=1220, stack(0x000000001fb60000,0x000000001fc60000)]
  0x0000000019788800 JavaThread "Cache worker for file hash cache (C:\Users\AdminUser\.gradle\caches\6.5\fileHashes)" [_thread_blocked, id=13136, stack(0x000000001d2c0000,0x000000001d3c0000)]
  0x0000000019788000 JavaThread "File lock request listener" [_thread_in_native, id=10328, stack(0x000000001d1c0000,0x000000001d2c0000)]
  0x0000000019f58000 JavaThread "Cache worker for journal cache (C:\Users\AdminUser\.gradle\caches\journal-1)" [_thread_blocked, id=3424, stack(0x000000001cfc0000,0x000000001d0c0000)]
  0x000000001abd0800 JavaThread "Daemon periodic checks" [_thread_blocked, id=7644, stack(0x000000001c6c0000,0x000000001c7c0000)]
  0x000000001abb9800 JavaThread "Incoming local TCP Connector on port 49616" [_thread_in_native, id=5900, stack(0x000000001c180000,0x000000001c280000)]
  0x0000000019238000 JavaThread "Daemon health stats" [_thread_blocked, id=712, stack(0x000000001bb40000,0x000000001bc40000)]
  0x0000000018bd8800 JavaThread "Service Thread" daemon [_thread_blocked, id=8516, stack(0x0000000018fa0000,0x00000000190a0000)]
  0x000000001723c000 JavaThread "C1 CompilerThread2" daemon [_thread_blocked, id=9100, stack(0x0000000018aa0000,0x0000000018ba0000)]
  0x000000001722c000 JavaThread "C2 CompilerThread1" daemon [_thread_blocked, id=9488, stack(0x00000000189a0000,0x0000000018aa0000)]
  0x0000000017226000 JavaThread "C2 CompilerThread0" daemon [_thread_blocked, id=7256, stack(0x00000000188a0000,0x00000000189a0000)]
  0x0000000017224000 JavaThread "Attach Listener" daemon [_thread_blocked, id=12508, stack(0x00000000187a0000,0x00000000188a0000)]
  0x0000000017223000 JavaThread "Signal Dispatcher" daemon [_thread_blocked, id=13160, stack(0x00000000186a0000,0x00000000187a0000)]
  0x00000000025fc800 JavaThread "Finalizer" daemon [_thread_blocked, id=6340, stack(0x00000000184a0000,0x00000000185a0000)]
  0x0000000017209000 JavaThread "Reference Handler" daemon [_thread_blocked, id=2872, stack(0x00000000183a0000,0x00000000184a0000)]
  0x0000000002502800 JavaThread "main" [_thread_blocked, id=8212, stack(0x0000000002370000,0x0000000002470000)]

Other Threads:
  0x00000000171e6800 VMThread [stack: 0x00000000182a0000,0x00000000183a0000] [id=3432]
  0x000000001727e000 WatcherThread [stack: 0x00000000190a0000,0x00000000191a0000] [id=8964]

=>0x000000000251c800 (exited) GCTaskThread [stack: 0x0000000012380000,0x0000000012480000] [id=1704]

VM state:at safepoint (normal execution)

VM Mutex/Monitor currently owned by a thread:  ([mutex/lock_event])
[0x000000000248dba0] Threads_lock - owner thread: 0x00000000171e6800
[0x000000000248de20] Heap_lock - owner thread: 0x0000000019824800

heap address: 0x0000000080000000, size: 2048 MB, Compressed Oops mode: 32-bit
Narrow klass base: 0x0000000000000000, Narrow klass shift: 3
Compressed class space size: 1073741824 Address: 0x0000000100000000

Heap:
 PSYoungGen      total 306176K, used 291963K [0x00000000d5580000, 0x00000000ec180000, 0x0000000100000000)
  eden space 264192K, 99% used [0x00000000d5580000,0x00000000e570e990,0x00000000e5780000)
  from space 41984K, 67% used [0x00000000e9880000,0x00000000eb410608,0x00000000ec180000)
  to   space 54272K, 31% used [0x00000000e5780000,0x00000000e68583a8,0x00000000e8c80000)
 ParOldGen       total 1398272K, used 105382K [0x0000000080000000, 0x00000000d5580000, 0x00000000d5580000)
  object space 1398272K, 7% used [0x0000000080000000,0x00000000866e9970,0x00000000d5580000)
 Metaspace       used 116793K, capacity 125827K, committed 125976K, reserved 1159168K
  class space    used 15062K, capacity 16612K, committed 16688K, reserved 1048576K

Card table byte_map: [0x00000000119c0000,0x0000000011dd0000] byte_map_base: 0x00000000115c0000

Marking Bits: (ParMarkBitMap*) 0x000000006adef030
 Begin Bits: [0x0000000012480000, 0x0000000014480000)
 End Bits:   [0x0000000014480000, 0x0000000016480000)

Polling page: 0x0000000002470000

CodeCache: size=245760Kb used=80833Kb max_used=80863Kb free=164926Kb
 bounds [0x0000000002600000, 0x0000000007590000, 0x0000000011600000]
 total_blobs=23471 nmethods=22559 adapters=821
 compilation: enabled

Compilation events (10 events):
Event: 9245.552 Thread 0x000000001723c000 30251 %     3       com.android.tools.r8.dex.r::a @ 25 (233 bytes)
Event: 9245.555 Thread 0x000000001723c000 nmethod 30251% 0x000000000315c0d0 code [0x000000000315c420, 0x000000000315de38]
Event: 9245.564 Thread 0x000000001723c000 30252 %     3       java.util.Arrays$ArrayList::forEach @ 16 (43 bytes)
Event: 9245.565 Thread 0x000000001723c000 nmethod 30252% 0x00000000040c3310 code [0x00000000040c34c0, 0x00000000040c3998]
Event: 9245.568 Thread 0x000000001723c000 30253       3       java.util.Arrays$ArrayList::forEach (43 bytes)
Event: 9245.569 Thread 0x000000001723c000 nmethod 30253 0x0000000002b9d7d0 code [0x0000000002b9d960, 0x0000000002b9ddb8]
Event: 9245.666 Thread 0x000000001723c000 30254       2       com.google.gson.FieldNamingPolicy$1::translateName (5 bytes)
Event: 9245.666 Thread 0x000000001723c000 nmethod 30254 0x000000000484a350 code [0x000000000484a4a0, 0x000000000484a5f0]
Event: 9245.684 Thread 0x000000001722c000 nmethod 30147% 0x000000000757abd0 code [0x000000000757b500, 0x0000000007581b60]
Event: 9245.689 Thread 0x000000001722c000 30168 %     4       com.android.tools.r8.s.b.U0::a @ 258 (376 bytes)

GC Heap History (10 events):
Event: 8248.828 GC heap after
Heap after GC invocations=32 (full 4):
 PSYoungGen      total 329216K, used 20975K [0x00000000d5580000, 0x00000000f0d00000, 0x0000000100000000)
  eden space 308224K, 0% used [0x00000000d5580000,0x00000000d5580000,0x00000000e8280000)
  from space 20992K, 99% used [0x00000000ef880000,0x00000000f0cfbce0,0x00000000f0d00000)
  to   space 61952K, 0% used [0x00000000e9400000,0x00000000e9400000,0x00000000ed080000)
 ParOldGen       total 186368K, used 105350K [0x0000000080000000, 0x000000008b600000, 0x00000000d5580000)
  object space 186368K, 56% used [0x0000000080000000,0x00000000866e1970,0x000000008b600000)
 Metaspace       used 114789K, capacity 122081K, committed 122392K, reserved 1155072K
  class space    used 14766K, capacity 16061K, committed 16176K, reserved 1048576K
}
Event: 8724.714 GC heap before
{Heap before GC invocations=33 (full 4):
 PSYoungGen      total 329216K, used 329199K [0x00000000d5580000, 0x00000000f0d00000, 0x0000000100000000)
  eden space 308224K, 100% used [0x00000000d5580000,0x00000000e8280000,0x00000000e8280000)
  from space 20992K, 99% used [0x00000000ef880000,0x00000000f0cfbce0,0x00000000f0d00000)
  to   space 61952K, 0% used [0x00000000e9400000,0x00000000e9400000,0x00000000ed080000)
 ParOldGen       total 186368K, used 105350K [0x0000000080000000, 0x000000008b600000, 0x00000000d5580000)
  object space 186368K, 56% used [0x0000000080000000,0x00000000866e1970,0x000000008b600000)
 Metaspace       used 114887K, capacity 122219K, committed 122392K, reserved 1155072K
  class space    used 14767K, capacity 16062K, committed 16176K, reserved 1048576K
Event: 8724.818 GC heap after
Heap after GC invocations=33 (full 4):
 PSYoungGen      total 320000K, used 23207K [0x00000000d5580000, 0x00000000ef900000, 0x0000000100000000)
  eden space 296448K, 0% used [0x00000000d5580000,0x00000000d5580000,0x00000000e7700000)
  from space 23552K, 98% used [0x00000000e9400000,0x00000000eaaa9c10,0x00000000eab00000)
  to   space 59392K, 0% used [0x00000000ebf00000,0x00000000ebf00000,0x00000000ef900000)
 ParOldGen       total 186368K, used 105358K [0x0000000080000000, 0x000000008b600000, 0x00000000d5580000)
  object space 186368K, 56% used [0x0000000080000000,0x00000000866e3970,0x000000008b600000)
 Metaspace       used 114887K, capacity 122219K, committed 122392K, reserved 1155072K
  class space    used 14767K, capacity 16062K, committed 16176K, reserved 1048576K
}
Event: 8786.801 GC heap before
{Heap before GC invocations=34 (full 4):
 PSYoungGen      total 320000K, used 319655K [0x00000000d5580000, 0x00000000ef900000, 0x0000000100000000)
  eden space 296448K, 100% used [0x00000000d5580000,0x00000000e7700000,0x00000000e7700000)
  from space 23552K, 98% used [0x00000000e9400000,0x00000000eaaa9c10,0x00000000eab00000)
  to   space 59392K, 0% used [0x00000000ebf00000,0x00000000ebf00000,0x00000000ef900000)
 ParOldGen       total 186368K, used 105358K [0x0000000080000000, 0x000000008b600000, 0x00000000d5580000)
  object space 186368K, 56% used [0x0000000080000000,0x00000000866e3970,0x000000008b600000)
 Metaspace       used 115116K, capacity 122431K, committed 122648K, reserved 1155072K
  class space    used 14780K, capacity 16086K, committed 16176K, reserved 1048576K
Event: 8786.891 GC heap after
Heap after GC invocations=34 (full 4):
 PSYoungGen      total 314880K, used 22873K [0x00000000d5580000, 0x00000000edc00000, 0x0000000100000000)
  eden space 285184K, 0% used [0x00000000d5580000,0x00000000d5580000,0x00000000e6c00000)
  from space 29696K, 77% used [0x00000000ebf00000,0x00000000ed5566b0,0x00000000edc00000)
  to   space 57344K, 0% used [0x00000000e6c00000,0x00000000e6c00000,0x00000000ea400000)
 ParOldGen       total 186368K, used 105366K [0x0000000080000000, 0x000000008b600000, 0x00000000d5580000)
  object space 186368K, 56% used [0x0000000080000000,0x00000000866e5970,0x000000008b600000)
 Metaspace       used 115116K, capacity 122431K, committed 122648K, reserved 1155072K
  class space    used 14780K, capacity 16086K, committed 16176K, reserved 1048576K
}
Event: 9191.962 GC heap before
{Heap before GC invocations=35 (full 4):
 PSYoungGen      total 314880K, used 308057K [0x00000000d5580000, 0x00000000edc00000, 0x0000000100000000)
  eden space 285184K, 100% used [0x00000000d5580000,0x00000000e6c00000,0x00000000e6c00000)
  from space 29696K, 77% used [0x00000000ebf00000,0x00000000ed5566b0,0x00000000edc00000)
  to   space 57344K, 0% used [0x00000000e6c00000,0x00000000e6c00000,0x00000000ea400000)
 ParOldGen       total 186368K, used 105366K [0x0000000080000000, 0x000000008b600000, 0x00000000d5580000)
  object space 186368K, 56% used [0x0000000080000000,0x00000000866e5970,0x000000008b600000)
 Metaspace       used 116141K, capacity 124849K, committed 125080K, reserved 1157120K
  class space    used 14981K, capacity 16457K, committed 16560K, reserved 1048576K
Event: 9191.993 GC heap after
Heap after GC invocations=35 (full 4):
 PSYoungGen      total 287744K, used 13232K [0x00000000d5580000, 0x00000000ecf80000, 0x0000000100000000)
  eden space 274432K, 0% used [0x00000000d5580000,0x00000000d5580000,0x00000000e6180000)
  from space 13312K, 99% used [0x00000000e6c00000,0x00000000e78ec398,0x00000000e7900000)
  to   space 56320K, 0% used [0x00000000e9880000,0x00000000e9880000,0x00000000ecf80000)
 ParOldGen       total 186368K, used 105366K [0x0000000080000000, 0x000000008b600000, 0x00000000d5580000)
  object space 186368K, 56% used [0x0000000080000000,0x00000000866e5970,0x000000008b600000)
 Metaspace       used 116141K, capacity 124849K, committed 125080K, reserved 1157120K
  class space    used 14981K, capacity 16457K, committed 16560K, reserved 1048576K
}
Event: 9241.010 GC heap before
{Heap before GC invocations=36 (full 4):
 PSYoungGen      total 287744K, used 287631K [0x00000000d5580000, 0x00000000ecf80000, 0x0000000100000000)
  eden space 274432K, 99% used [0x00000000d5580000,0x00000000e6177c10,0x00000000e6180000)
  from space 13312K, 99% used [0x00000000e6c00000,0x00000000e78ec398,0x00000000e7900000)
  to   space 56320K, 0% used [0x00000000e9880000,0x00000000e9880000,0x00000000ecf80000)
 ParOldGen       total 186368K, used 105366K [0x0000000080000000, 0x000000008b600000, 0x00000000d5580000)
  object space 186368K, 56% used [0x0000000080000000,0x00000000866e5970,0x000000008b600000)
 Metaspace       used 116700K, capacity 125763K, committed 125976K, reserved 1159168K
  class space    used 15062K, capacity 16612K, committed 16688K, reserved 1048576K
Event: 9241.101 GC heap after
Heap after GC invocations=36 (full 4):
 PSYoungGen      total 306176K, used 28225K [0x00000000d5580000, 0x00000000ec180000, 0x0000000100000000)
  eden space 264192K, 0% used [0x00000000d5580000,0x00000000d5580000,0x00000000e5780000)
  from space 41984K, 67% used [0x00000000e9880000,0x00000000eb410608,0x00000000ec180000)
  to   space 54272K, 0% used [0x00000000e5780000,0x00000000e5780000,0x00000000e8c80000)
 ParOldGen       total 186368K, used 105374K [0x0000000080000000, 0x000000008b600000, 0x00000000d5580000)
  object space 186368K, 56% used [0x0000000080000000,0x00000000866e7970,0x000000008b600000)
 Metaspace       used 116700K, capacity 125763K, committed 125976K, reserved 1159168K
  class space    used 15062K, capacity 16612K, committed 16688K, reserved 1048576K
}
Event: 9245.694 GC heap before
{Heap before GC invocations=37 (full 4):
 PSYoungGen      total 306176K, used 291963K [0x00000000d5580000, 0x00000000ec180000, 0x0000000100000000)
  eden space 264192K, 99% used [0x00000000d5580000,0x00000000e570e990,0x00000000e5780000)
  from space 41984K, 67% used [0x00000000e9880000,0x00000000eb410608,0x00000000ec180000)
  to   space 54272K, 0% used [0x00000000e5780000,0x00000000e5780000,0x00000000e8c80000)
 ParOldGen       total 186368K, used 105374K [0x0000000080000000, 0x000000008b600000, 0x00000000d5580000)
  object space 186368K, 56% used [0x0000000080000000,0x00000000866e7970,0x000000008b600000)
 Metaspace       used 116793K, capacity 125827K, committed 125976K, reserved 1159168K
  class space    used 15062K, capacity 16612K, committed 16688K, reserved 1048576K

Deoptimization events (10 events):
Event: 9193.661 Thread 0x000000001981d800 Uncommon trap: reason=class_check action=maybe_recompile pc=0x0000000002775994 method=java.lang.String.equals(Ljava/lang/Object;)Z @ 8
Event: 9193.662 Thread 0x000000001981d800 Uncommon trap: reason=unstable_if action=reinterpret pc=0x0000000006b926ec method=java.lang.ref.SoftReference.get()Ljava/lang/Object; @ 6
Event: 9193.740 Thread 0x000000001981d800 Uncommon trap: reason=unstable_if action=reinterpret pc=0x00000000070e1b60 method=java.lang.ref.SoftReference.get()Ljava/lang/Object; @ 6
Event: 9193.742 Thread 0x000000001981d800 Uncommon trap: reason=unstable_if action=reinterpret pc=0x00000000039ab6a8 method=java.util.concurrent.ConcurrentHashMap.replaceNode(Ljava/lang/Object;Ljava/lang/Object;Ljava/lang/Object;)Ljava/lang/Object; @ 136
Event: 9193.969 Thread 0x000000001981a000 Uncommon trap: reason=unstable_if action=reinterpret pc=0x0000000002d204b4 method=java.lang.ref.SoftReference.get()Ljava/lang/Object; @ 6
Event: 9193.970 Thread 0x000000001981a000 Uncommon trap: reason=unstable_if action=reinterpret pc=0x0000000002b2063c method=java.lang.ref.SoftReference.get()Ljava/lang/Object; @ 6
Event: 9193.973 Thread 0x000000001981a000 Uncommon trap: reason=unstable_if action=reinterpret pc=0x000000000284e578 method=java.lang.ref.SoftReference.get()Ljava/lang/Object; @ 6
Event: 9193.981 Thread 0x000000001981a000 Uncommon trap: reason=unstable_if action=reinterpret pc=0x00000000034110dc method=java.lang.ref.SoftReference.get()Ljava/lang/Object; @ 6
Event: 9240.676 Thread 0x0000000019819000 Uncommon trap: reason=unstable_if action=reinterpret pc=0x00000000057e8318 method=org.gradle.internal.execution.history.changes.PreviousSuccessChanges.accept(Lorg/gradle/internal/execution/history/changes/ChangeVisitor;)Z @ 4
Event: 9244.667 Thread 0x0000000019825000 Uncommon trap: reason=class_check action=maybe_recompile pc=0x00000000072c6d20 method=com.android.tools.r8.s.b.q.g()V @ 13

Classes redefined (0 events):
No events

Internal exceptions (10 events):
Event: 9244.830 Thread 0x0000000019825000 Exception <a 'sun/nio/fs/WindowsException'> (0x00000000e253ebe8) thrown at [C:\src\AOSP-openjdk-git\hotspot\src\share\vm\prims\jni.cpp, line 710]
Event: 9244.832 Thread 0x0000000019825000 Exception <a 'sun/nio/fs/WindowsException'> (0x00000000e25a70f8) thrown at [C:\src\AOSP-openjdk-git\hotspot\src\share\vm\prims\jni.cpp, line 710]
Event: 9244.832 Thread 0x000000001978b000 Exception <a 'sun/nio/fs/WindowsException'> (0x00000000e25eddf8) thrown at [C:\src\AOSP-openjdk-git\hotspot\src\share\vm\prims\jni.cpp, line 710]
Event: 9244.833 Thread 0x0000000019825000 Exception <a 'sun/nio/fs/WindowsException'> (0x00000000e26392c8) thrown at [C:\src\AOSP-openjdk-git\hotspot\src\share\vm\prims\jni.cpp, line 710]
Event: 9244.837 Thread 0x000000001978b000 Exception <a 'sun/nio/fs/WindowsException'> (0x00000000e25f5d90) thrown at [C:\src\AOSP-openjdk-git\hotspot\src\share\vm\prims\jni.cpp, line 710]
Event: 9244.858 Thread 0x000000001978b000 Exception <a 'sun/nio/fs/WindowsException'> (0x00000000e26d9700) thrown at [C:\src\AOSP-openjdk-git\hotspot\src\share\vm\prims\jni.cpp, line 710]
Event: 9244.861 Thread 0x000000001978b000 Exception <a 'sun/nio/fs/WindowsException'> (0x00000000e26e14f0) thrown at [C:\src\AOSP-openjdk-git\hotspot\src\share\vm\prims\jni.cpp, line 710]
Event: 9244.863 Thread 0x000000001978b000 Exception <a 'sun/nio/fs/WindowsException'> (0x00000000e2769278) thrown at [C:\src\AOSP-openjdk-git\hotspot\src\share\vm\prims\jni.cpp, line 710]
Event: 9245.133 Thread 0x0000000019784000 Exception <a 'sun/nio/fs/WindowsException'> (0x00000000e32567b0) thrown at [C:\src\AOSP-openjdk-git\hotspot\src\share\vm\prims\jni.cpp, line 710]
Event: 9245.623 Thread 0x0000000018bec800 Exception <a 'sun/nio/fs/WindowsException'> (0x00000000e5593318) thrown at [C:\src\AOSP-openjdk-git\hotspot\src\share\vm\prims\jni.cpp, line 710]

Events (10 events):
Event: 9245.627 Executing VM operation: RevokeBias done
Event: 9245.627 Thread 0x0000000019789800 Thread exited: 0x0000000019789800
Event: 9245.628 Thread 0x0000000018bec800 Thread exited: 0x0000000018bec800
Event: 9245.628 Thread 0x0000000019785000 Thread exited: 0x0000000019785000
Event: 9245.628 Executing VM operation: RevokeBias
Event: 9245.628 Executing VM operation: RevokeBias done
Event: 9245.628 Thread 0x0000000019786800 Thread exited: 0x0000000019786800
Event: 9245.669 Thread 0x000000001723c000 flushing nmethod 0x0000000005ecf690
Event: 9245.669 Thread 0x000000001723c000 flushing nmethod 0x0000000005fb6e50
Event: 9245.693 Executing VM operation: ParallelGCFailedAllocation


Dynamic libraries:
0x00007ff6c3870000 - 0x00007ff6c38a1000 	C:\Program Files\Android\Android Studio\jre\bin\java.exe
0x00007ffa05b10000 - 0x00007ffa05d05000 	C:\WINDOWS\SYSTEM32\ntdll.dll
0x00007ffa04c00000 - 0x00007ffa04cbe000 	C:\WINDOWS\System32\KERNEL32.DLL
0x00007ffa032e0000 - 0x00007ffa035a8000 	C:\WINDOWS\System32\KERNELBASE.dll
0x00007ffa04cd0000 - 0x00007ffa04d7c000 	C:\WINDOWS\System32\ADVAPI32.dll
0x00007ffa054b0000 - 0x00007ffa0554e000 	C:\WINDOWS\System32\msvcrt.dll
0x00007ffa05a30000 - 0x00007ffa05acb000 	C:\WINDOWS\System32\sechost.dll
0x00007ffa05880000 - 0x00007ffa059aa000 	C:\WINDOWS\System32\RPCRT4.dll
0x00007ffa04a50000 - 0x00007ffa04bf1000 	C:\WINDOWS\System32\USER32.dll
0x00007ffa03780000 - 0x00007ffa037a2000 	C:\WINDOWS\System32\win32u.dll
0x00007ffa05550000 - 0x00007ffa0557b000 	C:\WINDOWS\System32\GDI32.dll
0x00007ffa03890000 - 0x00007ffa0399b000 	C:\WINDOWS\System32\gdi32full.dll
0x00007ffa035b0000 - 0x00007ffa0364d000 	C:\WINDOWS\System32\msvcp_win.dll
0x00007ffa03680000 - 0x00007ffa03780000 	C:\WINDOWS\System32\ucrtbase.dll
0x00007ff9eff00000 - 0x00007ff9f019a000 	C:\WINDOWS\WinSxS\amd64_microsoft.windows.common-controls_6595b64144ccf1df_6.0.19041.1110_none_60b5254171f9507e\COMCTL32.dll
0x00007ffa04210000 - 0x00007ffa04240000 	C:\WINDOWS\System32\IMM32.DLL
0x000000006a460000 - 0x000000006a532000 	C:\Program Files\Android\Android Studio\jre\jre\bin\msvcr100.dll
0x000000006a620000 - 0x000000006ae6b000 	C:\Program Files\Android\Android Studio\jre\jre\bin\server\jvm.dll
0x00007ffa04a40000 - 0x00007ffa04a48000 	C:\WINDOWS\System32\PSAPI.DLL
0x00007ff9f4f50000 - 0x00007ff9f4f77000 	C:\WINDOWS\SYSTEM32\WINMM.dll
0x00007ff9eea10000 - 0x00007ff9eea1a000 	C:\WINDOWS\SYSTEM32\VERSION.dll
0x00007ff9f0750000 - 0x00007ff9f0759000 	C:\WINDOWS\SYSTEM32\WSOCK32.dll
0x00007ffa056a0000 - 0x00007ffa0570b000 	C:\WINDOWS\System32\ws2_32.DLL
0x00007ff9f2e40000 - 0x00007ff9f2e4f000 	C:\Program Files\Android\Android Studio\jre\jre\bin\verify.dll
0x00007ff9ddbb0000 - 0x00007ff9ddbd9000 	C:\Program Files\Android\Android Studio\jre\jre\bin\java.dll
0x00007ff9ddb90000 - 0x00007ff9ddba6000 	C:\Program Files\Android\Android Studio\jre\jre\bin\zip.dll
0x00007ffa04300000 - 0x00007ffa04a3f000 	C:\WINDOWS\System32\SHELL32.dll
0x00007ffa01330000 - 0x00007ffa01ac0000 	C:\WINDOWS\SYSTEM32\windows.storage.dll
0x00007ffa05150000 - 0x00007ffa054a5000 	C:\WINDOWS\System32\combase.dll
0x00007ffa02ba0000 - 0x00007ffa02bce000 	C:\WINDOWS\SYSTEM32\Wldp.dll
0x00007ffa05710000 - 0x00007ffa057bd000 	C:\WINDOWS\System32\SHCORE.dll
0x00007ffa04240000 - 0x00007ffa04295000 	C:\WINDOWS\System32\shlwapi.dll
0x00007ffa03170000 - 0x00007ffa0318f000 	C:\WINDOWS\SYSTEM32\profapi.dll
0x00007ff9ddb70000 - 0x00007ff9ddb8a000 	C:\Program Files\Android\Android Studio\jre\jre\bin\net.dll
0x00007ffa02910000 - 0x00007ffa0297a000 	C:\WINDOWS\system32\mswsock.dll
0x00007ff9ddb50000 - 0x00007ff9ddb63000 	C:\Program Files\Android\Android Studio\jre\jre\bin\nio.dll
0x00007ff9deaa0000 - 0x00007ff9deac7000 	C:\Users\AdminUser\.gradle\native\f6784746aeab05261644944871eae4fe03e0ef1612fff0a4a95f87b438bc6780\windows-amd64\native-platform.dll
0x00007ff9f2e30000 - 0x00007ff9f2e3d000 	C:\Program Files\Android\Android Studio\jre\jre\bin\management.dll
0x00007ffa02b00000 - 0x00007ffa02b18000 	C:\WINDOWS\SYSTEM32\CRYPTSP.dll
0x00007ffa02290000 - 0x00007ffa022c4000 	C:\WINDOWS\system32\rsaenh.dll
0x00007ffa03650000 - 0x00007ffa03677000 	C:\WINDOWS\System32\bcrypt.dll
0x00007ffa030f0000 - 0x00007ffa0311e000 	C:\WINDOWS\SYSTEM32\USERENV.dll
0x00007ffa03800000 - 0x00007ffa03883000 	C:\WINDOWS\System32\bcryptprimitives.dll
0x00007ffa02d90000 - 0x00007ffa02d9c000 	C:\WINDOWS\SYSTEM32\CRYPTBASE.dll
0x00007ffa02600000 - 0x00007ffa0263b000 	C:\WINDOWS\SYSTEM32\IPHLPAPI.DLL
0x00007ffa04cc0000 - 0x00007ffa04cc8000 	C:\WINDOWS\System32\NSI.dll
0x00007ff9f8b50000 - 0x00007ff9f8b67000 	C:\WINDOWS\SYSTEM32\dhcpcsvc6.DLL
0x00007ff9f8b30000 - 0x00007ff9f8b4d000 	C:\WINDOWS\SYSTEM32\dhcpcsvc.DLL
0x00007ffa02640000 - 0x00007ffa0270b000 	C:\WINDOWS\SYSTEM32\DNSAPI.dll
0x00007ff9f9e30000 - 0x00007ff9f9e3b000 	C:\WINDOWS\SYSTEM32\WINNSI.DLL
0x00007ffa00b60000 - 0x00007ffa00bf0000 	C:\WINDOWS\system32\apphelp.dll
0x00007ffa01f20000 - 0x00007ffa01f53000 	C:\WINDOWS\SYSTEM32\ntmarta.dll
0x00007ff9f4b70000 - 0x00007ff9f4b94000 	C:\Program Files\Android\Android Studio\jre\jre\bin\sunec.dll
0x000000006aee0000 - 0x000000006af06000 	C:\Program Files\Bonjour\mdnsNSP.dll
0x00007ff9f3b60000 - 0x00007ff9f3b6a000 	C:\Windows\System32\rasadhlp.dll
0x00007ff9f1f80000 - 0x00007ff9f2164000 	C:\WINDOWS\SYSTEM32\dbghelp.dll

VM Arguments:
jvm_args: -Xmx2048m -Dfile.encoding=UTF-8 -Duser.country=US -Duser.language=en -Duser.variant 
java_command: org.gradle.launcher.daemon.bootstrap.GradleDaemon 6.5
java_class_path (initial): C:\Users\AdminUser\.gradle\wrapper\dists\gradle-6.5-bin\6nifqtx7604sqp1q6g8wikw7p\gradle-6.5\lib\gradle-launcher-6.5.jar
Launcher Type: SUN_STANDARD

Environment Variables:
PATH=C:\Program Files\Common Files\Oracle\Java\javapath;C:\Program Files (x86)\Common Files\Oracle\Java\javapath;C:\ProgramData\Oracle\Java\javapath;C:\Program Files (x86)\Intel\iCLS Client\;C:\Program Files\Intel\iCLS Client\;C:\WINDOWS\system32;C:\WINDOWS;C:\WINDOWS\System32\Wbem;C:\WINDOWS\System32\WindowsPowerShell\v1.0\;C:\Program Files (x86)\Intel\Intel(R) Management Engine Components\DAL;C:\Program Files\Intel\Intel(R) Management Engine Components\DAL;C:\Program Files (x86)\Intel\Intel(R) Management Engine Components\IPT;C:\Program Files\Intel\Intel(R) Management Engine Components\IPT;C:\WINDOWS\System32\OpenSSH\;C:\Users\AdminUser\AppData\Roaming\Microsoft\Windows\Start Menu\Programs\Python 3.9;C:\Program Files (x86)\Windows Kits\10\Windows Performance Toolkit\;C:\Program Files (x86)\Windows Kits\10\Microsoft Application Virtualization\Sequencer\;C:\Program Files\dotnet\;C:\Program Files\Git\cmd;C:\Program Files\Intel\WiFi\bin\;C:\Program Files\Common Files\Intel\WirelessCommon\;C:\anaconda3;C:\anaconda3\Library\mingw-w64\bin;C:\anaconda3\Library\usr\bin;C:\anaconda3\Library\bin;C:\anaconda3\Scripts;C:\Python\Scripts\;C:\Python\;C:\Users\AdminUser\AppData\Local\Microsoft\WindowsApps;C:\Users\AdminUser\.dotnet\tools;C:\Users\AdminUser\AppData\Local\GitHubDesktop\bin;C:\PyCharm Community Edition 2021.1.1\bin;
USERNAME=AdminUser
OS=Windows_NT
PROCESSOR_IDENTIFIER=Intel64 Family 6 Model 61 Stepping 4, GenuineIntel



---------------  S Y S T E M  ---------------

OS: Windows 10.0 , 64 bit Build 19041 (10.0.19041.1348)

CPU:total 4 (initial active 4) (2 cores per cpu, 2 threads per core) family 6 model 61 stepping 4, cmov, cx8, fxsr, mmx, sse, sse2, sse3, ssse3, sse4.1, sse4.2, popcnt, avx, avx2, aes, clmul, erms, 3dnowpref, lzcnt, ht, tsc, tscinvbit, bmi1, bmi2, adx

Memory: 4k page, physical 8297076k(2610864k free), swap 20539868k(12012504k free)

vm_info: OpenJDK 64-Bit Server VM (25.242-b01) for windows-amd64 JRE (1.8.0_242-release-1644-b01), built by "builder" with MS VC++ 10.0 (VS2010)

time: Sun Nov 21 22:37:21 2021
timezone: SA Western Standard Time
elapsed time: 9245 seconds (0d 2h 34m 5s)

